<?xml version="1.0" encoding="UTF-8"?>
<!-- Generated by org.testng.reporters.JUnitReportReporter -->
<testsuite hostname="natl-ch-dt-34" failures="0" tests="4" name="TestScenarios.TestCases" time="27.154" errors="0" timestamp="2024-08-09T18:33:39 IST" skipped="0">
  <testcase classname="TestScenarios.TestCases" name="userlogin" time="8.488"/>
  <testcase classname="TestScenarios.TestCases" name="menu" time="16.783"/>
  <testcase classname="TestScenarios.TestCases" name="productpage" time="0.748"/>
  <testcase classname="TestScenarios.TestCases" name="selectsize" time="1.135"/>
</testsuite> <!-- TestScenarios.TestCases -->
